2025-07-01 10:56:09,424 - YOLO Trans - INFO - 日志记录器已启动，日志文件保存路径为:C:\Users\14854\Desktop\BTD\yoloserver\logs\yolo_trans\yolo_trans_20250701-105609_listener.log
2025-07-01 10:56:09,424 - YOLO Trans - INFO - 日志记录器的根目录：              C:\Users\14854\Desktop\BTD\yoloserver\logs
2025-07-01 10:56:09,424 - YOLO Trans - INFO - 日志记录器的名称:                YOLO Trans
2025-07-01 10:56:09,424 - YOLO Trans - INFO - 日志记录器的类型:                yolo_trans
2025-07-01 10:56:09,424 - YOLO Trans - INFO - 日志记录器的级别：               INFO
2025-07-01 10:56:09,426 - YOLO Trans - INFO - ============================相关设备============================
2025-07-01 10:56:09,426 - YOLO Trans - INFO - 操作系统: Windows 11 (10.0.26100)
2025-07-01 10:56:09,426 - YOLO Trans - INFO - Python版本: 3.12.11
2025-07-01 10:56:09,446 - YOLO Trans - INFO - 处理器: Intel64 Family 6 Model 154 Stepping 3, GenuineIntel
2025-07-01 10:56:09,446 - YOLO Trans - INFO - CPU核心数: 16
2025-07-01 10:56:10,447 - YOLO Trans - INFO - CPU占用率: 15.3%
2025-07-01 10:56:10,451 - YOLO Trans - INFO - 内存占用: 11.98 GB / 15.63 GB (76.6%)
2025-07-01 10:56:10,451 - YOLO Trans - INFO - ============================GPU=============================
2025-07-01 10:56:10,464 - YOLO Trans - INFO - PyTorch版本: 2.7.1+cu126
2025-07-01 10:56:10,464 - YOLO Trans - INFO - CUDA版本: 12.6
2025-07-01 10:56:10,464 - YOLO Trans - INFO - cuDNN版本: 90701
2025-07-01 10:56:10,464 - YOLO Trans - INFO - GPU可用: 是
2025-07-01 10:56:10,467 - YOLO Trans - INFO - GPU名称: NVIDIA GeForce RTX 3050 Laptop GPU
2025-07-01 10:56:10,468 - YOLO Trans - INFO - 已分配显存: 0.0 GB, 已保留显存: 0.0 GB, 总显存: 4.0 GB
2025-07-01 10:56:10,468 - YOLO Trans - INFO - =========================日志记录器初始化成功=========================
2025-07-01 10:56:10,469 - YOLO Trans - INFO - ======================开始清理旧的数据集内容和配置文件======================
2025-07-01 10:56:10,469 - YOLO Trans - INFO - 删除已经存在的 'train' images目录：data\train\images
2025-07-01 10:56:10,470 - YOLO Trans - INFO - 重新创建 'train' images目录：data\train\images
2025-07-01 10:56:10,470 - YOLO Trans - INFO - 删除已经存在的 'train' labels目录：data\train\labels
2025-07-01 10:56:10,471 - YOLO Trans - INFO - 重新创建 'train' labels目录：data\train\labels
2025-07-01 10:56:10,471 - YOLO Trans - INFO - 删除已经存在的 'val' images目录：data\val\images
2025-07-01 10:56:10,471 - YOLO Trans - INFO - 重新创建 'val' images目录：data\val\images
2025-07-01 10:56:10,472 - YOLO Trans - INFO - 删除已经存在的 'val' labels目录：data\val\labels
2025-07-01 10:56:10,472 - YOLO Trans - INFO - 重新创建 'val' labels目录：data\val\labels
2025-07-01 10:56:10,472 - YOLO Trans - INFO - 删除已经存在的 'test' images目录：data\test\images
2025-07-01 10:56:10,473 - YOLO Trans - INFO - 重新创建 'test' images目录：data\test\images
2025-07-01 10:56:10,473 - YOLO Trans - INFO - 删除已经存在的 'test' labels目录：data\test\labels
2025-07-01 10:56:10,474 - YOLO Trans - INFO - 重新创建 'test' labels目录：data\test\labels
2025-07-01 10:56:10,474 - YOLO Trans - INFO - ===================旧数据集内容清理完成，新的目录结构创建完成====================
2025-07-01 10:56:10,474 - YOLO Trans - INFO - =======================开始进行数据集准备与划分工作=======================
2025-07-01 10:56:10,474 - YOLO Trans - INFO - 处理原始标注数据：COCO格式
2025-07-01 10:56:11,373 - YOLO Trans - INFO - COCO转换成功
2025-07-01 10:56:11,375 - YOLO Trans - INFO - 原始图像及标注文件暂存区通过检查：图像位于 'data\raw\images'标签位于 'data\raw\yolo_staged_labels'
2025-07-01 10:56:11,486 - YOLO Trans - INFO - 找到匹配的图像文件，共 756 个
2025-07-01 10:56:11,488 - YOLO Trans - INFO - 数据集划分完成
2025-07-01 10:56:11,488 - YOLO Trans - INFO - 训练集样本数量：680
2025-07-01 10:56:11,488 - YOLO Trans - INFO - 验证集样本数量：37
2025-07-01 10:56:11,488 - YOLO Trans - INFO - 测试集样本数量：39
2025-07-01 10:56:11,488 - YOLO Trans - INFO - 开始处理：train 数据集,该数据集共680个样本
2025-07-01 10:56:12,380 - YOLO Trans - INFO - train 数据集图像复制完成，成功复制 680 张，失败复制图像 0 张
2025-07-01 10:56:12,890 - YOLO Trans - INFO - train 数据集标签复制完成，成功复制标签 680 个，失败复制标签 0 个
2025-07-01 10:56:12,890 - YOLO Trans - INFO - 开始处理：val 数据集,该数据集共37个样本
2025-07-01 10:56:12,939 - YOLO Trans - INFO - val 数据集图像复制完成，成功复制 37 张，失败复制图像 0 张
2025-07-01 10:56:12,967 - YOLO Trans - INFO - val 数据集标签复制完成，成功复制标签 37 个，失败复制标签 0 个
2025-07-01 10:56:12,967 - YOLO Trans - INFO - 开始处理：test 数据集,该数据集共39个样本
2025-07-01 10:56:13,034 - YOLO Trans - INFO - test 数据集图像复制完成，成功复制 39 张，失败复制图像 0 张
2025-07-01 10:56:13,069 - YOLO Trans - INFO - test 数据集标签复制完成，成功复制标签 39 个，失败复制标签 0 个
2025-07-01 10:56:13,071 - YOLO Trans - INFO - 成功生成 data.yaml 文件：configs\data.yaml
2025-07-01 10:56:13,071 - YOLO Trans - INFO - data.yaml 文件内容：
path: C:\Users\14854\Desktop\BTD\yoloserver\data
train: C:\Users\14854\Desktop\BTD\yoloserver\data\train\images
val: C:\Users\14854\Desktop\BTD\yoloserver\data\val\images
test: C:\Users\14854\Desktop\BTD\yoloserver\data\test\images
nc: 3
names: [glioma_tumor, meningioma_tumor, pituitary_tumor]

2025-07-01 10:56:13,071 - YOLO Trans - INFO - ========================数据集准备与划分工作完成========================
2025-07-01 10:56:13,072 - YOLO Trans - INFO - 性能测试：'数据集准备与划分' 执行耗时: 2.598 秒
2025-07-01 10:56:13,072 - YOLO Trans - INFO - 所有数据处理流程完成，请检查以下路径文件
2025-07-01 10:56:13,072 - YOLO Trans - INFO - 训练集图像目录：data\train\images
2025-07-01 10:56:13,072 - YOLO Trans - INFO - 训练集标注文件：data\train\labels
2025-07-01 10:56:13,072 - YOLO Trans - INFO - 验证集图像目录：data\val\images
2025-07-01 10:56:13,072 - YOLO Trans - INFO - 验证集标注文件：data\val\labels
2025-07-01 10:56:13,072 - YOLO Trans - INFO - 测试集图像目录：data\test\images
2025-07-01 10:56:13,072 - YOLO Trans - INFO - 测试集标注文件：data\test\labels
2025-07-01 10:56:13,072 - YOLO Trans - INFO - 数据集配置文件：configs
2025-07-01 10:56:13,072 - YOLO Trans - INFO - 详细的日志文件位于 logs
2025-07-01 10:56:13,072 - YOLO Trans - INFO - 接下来请执行数据验证脚本 yolo_validate.py 以验证数据转换是否正确
